<?xml version="1.0" encoding="UTF-8"?>
<!-- Generated by org.testng.reporters.JUnitReportReporter -->
<testsuite hostname="DESKTOP-L9JMAV8" failures="0" tests="6" name="Package.MySetUp" time="7.777" errors="0" timestamp="2025-08-12T15:44:41 EET" skipped="5">
  <testcase classname="Package.MySetUp" name="checkHomeLink" time="7.777"/>
  <testcase classname="Package.MySetUp" name="TestAllClickTypes">
    <skipped/>
  </testcase> <!-- TestAllClickTypes -->
  <testcase classname="Package.MySetUp" name="CheckBox">
    <skipped/>
  </testcase> <!-- CheckBox -->
  <testcase classname="Package.MySetUp" name="RadioButton">
    <skipped/>
  </testcase> <!-- RadioButton -->
  <testcase classname="Package.MySetUp" name="Element">
    <skipped/>
  </testcase> <!-- Element -->
  <testcase classname="Package.MySetUp" name="EditTableNamesAndEmail">
    <skipped/>
  </testcase> <!-- EditTableNamesAndEmail -->
</testsuite> <!-- Package.MySetUp -->
