<?xml version="1.0" encoding="UTF-8"?>
<!-- Generated by org.testng.reporters.JUnitReportReporter -->
<testsuite hostname="DESKTOP-L9JMAV8" failures="0" tests="6" name="package_Element.myTestCase" time="12.391" errors="0" timestamp="2025-08-12T16:10:14 EET" skipped="0">
  <testcase classname="package_Element.myTestCase" name="Element" time="1.214"/>
  <testcase classname="package_Element.myTestCase" name="CheckBox" time="2.243"/>
  <testcase classname="package_Element.myTestCase" name="RadioButton" time="1.832"/>
  <testcase classname="package_Element.myTestCase" name="EditTableNamesAndEmail" time="2.225"/>
  <testcase classname="package_Element.myTestCase" name="TestAllClickTypes" time="1.348"/>
  <testcase classname="package_Element.myTestCase" name="checkHomeLink" time="3.529"/>
</testsuite> <!-- package_Element.myTestCase -->
